TN:
SF:database.js
FN:6,(anonymous_0)
FN:16,createTables
FN:25,(anonymous_2)
FN:33,addTelegramUser
FN:34,(anonymous_4)
FN:38,(anonymous_5)
FN:54,getTelegramUsers
FN:55,(anonymous_7)
FN:56,(anonymous_8)
FN:67,removeTelegramUser
FN:68,(anonymous_10)
FN:69,(anonymous_11)
FNF:12
FNH:3
FNDA:1,(anonymous_0)
FNDA:1,createTables
FNDA:1,(anonymous_2)
FNDA:0,addTelegramUser
FNDA:0,(anonymous_4)
FNDA:0,(anonymous_5)
FNDA:0,getTelegramUsers
FNDA:0,(anonymous_7)
FNDA:0,(anonymous_8)
FNDA:0,removeTelegramUser
FNDA:0,(anonymous_10)
FNDA:0,(anonymous_11)
DA:1,1
DA:2,1
DA:3,1
DA:6,1
DA:7,1
DA:8,0
DA:10,1
DA:11,1
DA:18,1
DA:26,1
DA:27,0
DA:34,0
DA:35,0
DA:39,0
DA:40,0
DA:41,0
DA:43,0
DA:46,0
DA:55,0
DA:56,0
DA:57,0
DA:58,0
DA:60,0
DA:68,0
DA:69,0
DA:70,0
DA:71,0
DA:72,0
DA:73,0
DA:75,0
DA:81,1
LF:31
LH:10
BRDA:7,0,0,0
BRDA:7,0,1,1
BRDA:26,1,0,0
BRDA:26,1,1,1
BRDA:39,2,0,0
BRDA:39,2,1,0
BRDA:40,3,0,0
BRDA:40,3,1,0
BRDA:57,4,0,0
BRDA:57,4,1,0
BRDA:70,5,0,0
BRDA:70,5,1,0
BRDA:72,6,0,0
BRDA:72,6,1,0
BRF:14
BRH:2
end_of_record
TN:
SF:server.js
FN:12,(anonymous_0)
FN:21,dbRun
FN:22,(anonymous_2)
FN:23,(anonymous_3)
FN:31,dbAll
FN:32,(anonymous_5)
FN:33,(anonymous_6)
FN:41,dbGet
FN:42,(anonymous_8)
FN:43,(anonymous_9)
FN:83,sendToTelegram
FN:133,requireLogin
FN:144,(anonymous_12)
FN:193,(anonymous_13)
FN:242,(anonymous_14)
FN:275,(anonymous_15)
FN:325,(anonymous_16)
FN:360,(anonymous_17)
FN:365,(anonymous_18)
FN:370,(anonymous_19)
FN:381,(anonymous_20)
FN:395,(anonymous_21)
FN:396,(anonymous_22)
FN:413,(anonymous_23)
FN:429,(anonymous_24)
FN:441,(anonymous_25)
FN:489,(anonymous_26)
FN:517,(anonymous_27)
FN:550,(anonymous_28)
FN:551,(anonymous_29)
FN:562,(anonymous_30)
FNF:31
FNH:3
FNDA:1,(anonymous_0)
FNDA:0,dbRun
FNDA:0,(anonymous_2)
FNDA:0,(anonymous_3)
FNDA:0,dbAll
FNDA:0,(anonymous_5)
FNDA:0,(anonymous_6)
FNDA:0,dbGet
FNDA:0,(anonymous_8)
FNDA:0,(anonymous_9)
FNDA:0,sendToTelegram
FNDA:0,requireLogin
FNDA:0,(anonymous_12)
FNDA:0,(anonymous_13)
FNDA:0,(anonymous_14)
FNDA:0,(anonymous_15)
FNDA:1,(anonymous_16)
FNDA:1,(anonymous_17)
FNDA:0,(anonymous_18)
FNDA:0,(anonymous_19)
FNDA:0,(anonymous_20)
FNDA:0,(anonymous_21)
FNDA:0,(anonymous_22)
FNDA:0,(anonymous_23)
FNDA:0,(anonymous_24)
FNDA:0,(anonymous_25)
FNDA:0,(anonymous_26)
FNDA:0,(anonymous_27)
FNDA:0,(anonymous_28)
FNDA:0,(anonymous_29)
FNDA:0,(anonymous_30)
DA:1,1
DA:2,1
DA:3,1
DA:4,1
DA:5,1
DA:6,1
DA:7,1
DA:8,1
DA:11,1
DA:12,1
DA:13,1
DA:14,0
DA:16,1
DA:22,0
DA:23,0
DA:24,0
DA:25,0
DA:32,0
DA:33,0
DA:34,0
DA:35,0
DA:42,0
DA:43,0
DA:44,0
DA:45,0
DA:50,1
DA:51,1
DA:56,1
DA:57,1
DA:58,1
DA:59,1
DA:62,1
DA:70,1
DA:73,1
DA:74,1
DA:77,1
DA:78,1
DA:84,0
DA:85,0
DA:87,0
DA:88,0
DA:89,0
DA:92,0
DA:94,0
DA:95,0
DA:97,0
DA:98,0
DA:99,0
DA:101,0
DA:104,0
DA:105,0
DA:106,0
DA:109,0
DA:110,0
DA:112,0
DA:113,0
DA:114,0
DA:119,0
DA:121,0
DA:125,0
DA:127,0
DA:128,0
DA:134,0
DA:135,0
DA:137,0
DA:144,1
DA:145,0
DA:146,0
DA:155,0
DA:156,0
DA:160,0
DA:165,0
DA:178,0
DA:180,0
DA:181,0
DA:184,0
DA:187,0
DA:188,0
DA:193,1
DA:194,0
DA:195,0
DA:205,0
DA:206,0
DA:210,0
DA:215,0
DA:228,0
DA:230,0
DA:231,0
DA:233,0
DA:236,0
DA:237,0
DA:242,1
DA:243,0
DA:244,0
DA:246,0
DA:262,0
DA:263,0
DA:267,0
DA:273,0
DA:274,0
DA:275,0
DA:276,0
DA:280,0
DA:301,0
DA:303,0
DA:304,0
DA:311,0
DA:319,0
DA:320,0
DA:325,1
DA:326,1
DA:335,1
DA:337,1
DA:338,1
DA:341,1
DA:342,1
DA:345,0
DA:348,1
DA:350,0
DA:351,0
DA:352,0
DA:353,0
DA:360,1
DA:361,1
DA:365,1
DA:366,0
DA:370,1
DA:371,0
DA:372,0
DA:373,0
DA:374,0
DA:376,0
DA:381,1
DA:382,0
DA:384,0
DA:387,0
DA:390,0
DA:395,0
DA:396,0
DA:401,0
DA:407,0
DA:408,0
DA:413,1
DA:414,0
DA:415,0
DA:416,0
DA:423,0
DA:424,0
DA:429,1
DA:430,0
DA:432,0
DA:433,0
DA:436,0
DA:437,0
DA:438,0
DA:441,0
DA:442,0
DA:443,0
DA:446,0
DA:447,0
DA:456,0
DA:457,0
DA:463,0
DA:464,0
DA:465,0
DA:468,0
DA:470,0
DA:479,0
DA:480,0
DA:481,0
DA:483,0
DA:489,1
DA:490,0
DA:492,0
DA:493,0
DA:496,0
DA:497,0
DA:499,0
DA:500,0
DA:503,0
DA:508,0
DA:509,0
DA:517,1
DA:518,0
DA:519,0
DA:520,0
DA:522,0
DA:523,0
DA:525,0
DA:526,0
DA:527,0
DA:528,0
DA:530,0
DA:531,0
DA:532,0
DA:542,0
DA:544,0
DA:545,0
DA:550,1
DA:551,0
DA:552,0
DA:553,0
DA:555,0
DA:560,1
DA:561,0
DA:562,0
DA:563,0
DA:564,0
DA:565,0
DA:566,0
DA:567,0
DA:568,0
DA:569,0
DA:570,0
DA:575,1
LF:215
LH:47
BRDA:13,0,0,0
BRDA:13,0,1,1
BRDA:21,1,0,0
BRDA:24,2,0,0
BRDA:24,2,1,0
BRDA:31,3,0,0
BRDA:34,4,0,0
BRDA:34,4,1,0
BRDA:41,5,0,0
BRDA:44,6,0,0
BRDA:44,6,1,0
BRDA:51,7,0,1
BRDA:51,7,1,0
BRDA:63,8,0,1
BRDA:63,8,1,0
BRDA:77,9,0,1
BRDA:77,9,1,0
BRDA:78,10,0,1
BRDA:78,10,1,0
BRDA:87,11,0,0
BRDA:87,11,1,0
BRDA:97,12,0,0
BRDA:97,12,1,0
BRDA:99,13,0,0
BRDA:99,13,1,0
BRDA:104,14,0,0
BRDA:104,14,1,0
BRDA:134,15,0,0
BRDA:134,15,1,0
BRDA:150,16,0,0
BRDA:150,16,1,0
BRDA:155,17,0,0
BRDA:155,17,1,0
BRDA:155,18,0,0
BRDA:155,18,1,0
BRDA:155,18,2,0
BRDA:155,18,3,0
BRDA:170,19,0,0
BRDA:170,19,1,0
BRDA:180,20,0,0
BRDA:180,20,1,0
BRDA:199,21,0,0
BRDA:199,21,1,0
BRDA:201,22,0,0
BRDA:201,22,1,0
BRDA:205,23,0,0
BRDA:205,23,1,0
BRDA:205,24,0,0
BRDA:205,24,1,0
BRDA:205,24,2,0
BRDA:205,24,3,0
BRDA:220,25,0,0
BRDA:220,25,1,0
BRDA:223,26,0,0
BRDA:223,26,1,0
BRDA:230,27,0,0
BRDA:230,27,1,0
BRDA:252,28,0,0
BRDA:252,28,1,0
BRDA:253,29,0,0
BRDA:253,29,1,0
BRDA:254,30,0,0
BRDA:254,30,1,0
BRDA:255,31,0,0
BRDA:255,31,1,0
BRDA:256,32,0,0
BRDA:256,32,1,0
BRDA:257,33,0,0
BRDA:257,33,1,0
BRDA:258,34,0,0
BRDA:258,34,1,0
BRDA:262,35,0,0
BRDA:262,35,1,0
BRDA:262,36,0,0
BRDA:262,36,1,0
BRDA:262,36,2,0
BRDA:262,36,3,0
BRDA:274,37,0,0
BRDA:274,37,1,0
BRDA:274,38,0,0
BRDA:274,38,1,0
BRDA:288,39,0,0
BRDA:288,39,1,0
BRDA:291,40,0,0
BRDA:291,40,1,0
BRDA:294,41,0,0
BRDA:294,41,1,0
BRDA:295,42,0,0
BRDA:295,42,1,0
BRDA:295,43,0,0
BRDA:295,43,1,0
BRDA:295,44,0,0
BRDA:295,44,1,0
BRDA:296,45,0,0
BRDA:296,45,1,0
BRDA:303,46,0,0
BRDA:303,46,1,0
BRDA:332,47,0,1
BRDA:332,47,1,0
BRDA:341,48,0,1
BRDA:341,48,1,0
BRDA:372,49,0,0
BRDA:372,49,1,0
BRDA:372,50,0,0
BRDA:372,50,1,0
BRDA:418,51,0,0
BRDA:418,51,1,0
BRDA:432,52,0,0
BRDA:432,52,1,0
BRDA:443,53,0,0
BRDA:443,53,1,0
BRDA:446,54,0,0
BRDA:446,54,1,0
BRDA:448,55,0,0
BRDA:448,55,1,0
BRDA:448,55,2,0
BRDA:448,55,3,0
BRDA:448,55,4,0
BRDA:448,55,5,0
BRDA:448,55,6,0
BRDA:448,55,7,0
BRDA:448,55,8,0
BRDA:456,56,0,0
BRDA:456,56,1,0
BRDA:465,57,0,0
BRDA:465,57,1,0
BRDA:465,58,0,0
BRDA:465,58,1,0
BRDA:465,59,0,0
BRDA:465,59,1,0
BRDA:480,60,0,0
BRDA:480,60,1,0
BRDA:480,61,0,0
BRDA:480,61,1,0
BRDA:492,62,0,0
BRDA:492,62,1,0
BRDA:499,63,0,0
BRDA:499,63,1,0
BRDA:511,64,0,0
BRDA:511,64,1,0
BRDA:526,65,0,0
BRDA:526,65,1,0
BRDA:526,66,0,0
BRDA:526,66,1,0
BRDA:530,67,0,0
BRDA:530,67,1,0
BRDA:534,68,0,0
BRDA:534,68,1,0
BRDA:534,69,0,0
BRDA:534,69,1,0
BRDA:534,70,0,0
BRDA:534,70,1,0
BRDA:552,71,0,0
BRDA:552,71,1,0
BRDA:560,72,0,0
BRDA:560,72,1,1
BRDA:561,73,0,0
BRDA:561,73,1,0
BRDA:569,74,0,0
BRDA:569,74,1,0
BRDA:570,75,0,0
BRDA:570,75,1,0
BRF:162
BRH:8
end_of_record
